Build started 2016/6/30 星期四 下午 3:06:43.
     1>Project "D:\cpp\vs\xNN\xNN\xNN.vcxproj" on node 2 (Build target(s)).
     1>ClCompile:
         C:\Program Files (x86)\Microsoft Visual Studio 12.0\VC\bin\x86_amd64\CL.exe /c /Zi /nologo /W3 /WX- /sdl /O2 /Oi /GL /D WIN32 /D NDEBUG /D _CONSOLE /D _LIB /D _UNICODE /D UNICODE /Gm- /EHsc /MD /GS /Gy /fp:precise /Zc:wchar_t /Zc:forScope /Fo"x64\Release\\" /Fd"x64\Release\vc120.pdb" /Gd /TP /errorReport:prompt main.cpp
         main.cpp
     1>d:\cpp\vs\xnn\xnn\hidden_layer.hpp(113): warning C4267: 'argument' : conversion from 'size_t' to 'int', possible loss of data
                 d:\cpp\vs\xnn\xnn\hidden_layer.hpp(107) : while compiling class template member function 'void HiddenLayer<DType,Activation,PartialActivation>::update(const std::vector<HiddenNeuron<DType> *,std::allocator<_Ty>> &,size_t,DType,DType)'
                 with
                 [
                     DType=float
         ,            Activation=Cubic
         ,            PartialActivation=PartialCubic
         ,            _Ty=HiddenNeuron<float> *
                 ]
                 d:\cpp\vs\xnn\xnn\parser_net.hpp(203) : see reference to function template instantiation 'void HiddenLayer<DType,Activation,PartialActivation>::update(const std::vector<HiddenNeuron<DType> *,std::allocator<_Ty>> &,size_t,DType,DType)' being compiled
                 with
                 [
                     DType=float
         ,            Activation=Cubic
         ,            PartialActivation=PartialCubic
         ,            _Ty=HiddenNeuron<float> *
                 ]
                 d:\cpp\vs\xnn\xnn\parser_net.hpp(53) : while compiling class template member function 'ParserNet<float,Cubic,PartialCubic,Softmax,PartialSoftmax>::ParserNet(int,const std::vector<std::vector<int,std::allocator<_Ty>>,std::allocator<std::vector<_Ty,std::allocator<_Ty>>>> &,const std::string &)'
                 with
                 [
                     _Ty=int
                 ]
                 main.cpp(16) : see reference to function template instantiation 'ParserNet<float,Cubic,PartialCubic,Softmax,PartialSoftmax>::ParserNet(int,const std::vector<std::vector<int,std::allocator<_Ty>>,std::allocator<std::vector<_Ty,std::allocator<_Ty>>>> &,const std::string &)' being compiled
                 with
                 [
                     _Ty=int
                 ]
                 main.cpp(16) : see reference to class template instantiation 'ParserNet<float,Cubic,PartialCubic,Softmax,PartialSoftmax>' being compiled
       Link:
         C:\Program Files (x86)\Microsoft Visual Studio 12.0\VC\bin\x86_amd64\link.exe /ERRORREPORT:PROMPT /OUT:"D:\cpp\vs\xNN\x64\Release\xNN.exe" /INCREMENTAL:NO /NOLOGO kernel32.lib user32.lib gdi32.lib winspool.lib comdlg32.lib advapi32.lib shell32.lib ole32.lib oleaut32.lib uuid.lib odbc32.lib odbccp32.lib /MANIFEST /MANIFESTUAC:"level='asInvoker' uiAccess='false'" /manifest:embed /DEBUG /PDB:"D:\cpp\vs\xNN\x64\Release\xNN.pdb" /SUBSYSTEM:CONSOLE /OPT:REF /OPT:ICF /LTCG /TLBID:1 /DYNAMICBASE /NXCOMPAT /IMPLIB:"D:\cpp\vs\xNN\x64\Release\xNN.lib" /MACHINE:X64 x64\Release\xNN.res
         x64\Release\main.obj
         Generating code
         Finished generating code
         xNN.vcxproj -> D:\cpp\vs\xNN\x64\Release\xNN.exe
     1>Done Building Project "D:\cpp\vs\xNN\xNN\xNN.vcxproj" (Build target(s)).

Build succeeded.

Time Elapsed 00:00:01.81
